CRITICAL - 2021-06-20 00:51:07 --> syntax error, unexpected 'if' (T_IF), expecting identifier (T_STRING) or variable (T_VARIABLE) or '{' or '$'
#0 C:\xampp\htdocs\PBKK-Alprofit\vendor\codeigniter4\framework\system\CodeIgniter.php(389): CodeIgniter\CodeIgniter->tryToRouteIt(NULL)
#1 C:\xampp\htdocs\PBKK-Alprofit\vendor\codeigniter4\framework\system\CodeIgniter.php(336): CodeIgniter\CodeIgniter->handleRequest(NULL, Object(Config\Cache), false)
#2 C:\xampp\htdocs\PBKK-Alprofit\vendor\codeigniter4\framework\system\CLI\Console.php(61): CodeIgniter\CodeIgniter->run()
#3 C:\xampp\htdocs\PBKK-Alprofit\spark(65): CodeIgniter\CLI\Console->run()
#4 {main}
CRITICAL - 2021-06-20 00:51:29 --> syntax error, unexpected 'if' (T_IF), expecting identifier (T_STRING) or variable (T_VARIABLE) or '{' or '$'
#0 C:\xampp\htdocs\PBKK-Alprofit\vendor\codeigniter4\framework\system\CodeIgniter.php(389): CodeIgniter\CodeIgniter->tryToRouteIt(NULL)
#1 C:\xampp\htdocs\PBKK-Alprofit\vendor\codeigniter4\framework\system\CodeIgniter.php(336): CodeIgniter\CodeIgniter->handleRequest(NULL, Object(Config\Cache), false)
#2 C:\xampp\htdocs\PBKK-Alprofit\vendor\codeigniter4\framework\system\CLI\Console.php(61): CodeIgniter\CodeIgniter->run()
#3 C:\xampp\htdocs\PBKK-Alprofit\spark(65): CodeIgniter\CLI\Console->run()
#4 {main}
ERROR - 2021-06-20 01:36:03 --> Incorrect table definition; there can be only one auto column and it must be defined as a key
ERROR - 2021-06-20 01:36:58 --> Unknown table 'alprofit_db.cart_items'
ERROR - 2021-06-20 01:36:58 --> Unknown table 'alprofit_db.transactions'
ERROR - 2021-06-20 01:36:58 --> Unknown table 'alprofit_db.order_items'
ERROR - 2021-06-20 01:36:58 --> Unknown table 'alprofit_db.orders'
ERROR - 2021-06-20 01:36:58 --> Unknown table 'alprofit_db.carts'
ERROR - 2021-06-20 01:36:58 --> Unknown table 'alprofit_db.products'
ERROR - 2021-06-20 01:36:58 --> Unknown table 'alprofit_db.categories'
ERROR - 2021-06-20 01:36:58 --> Unknown table 'alprofit_db.users'
ERROR - 2021-06-20 01:36:58 --> Can't create table `alprofit_db`.`users` (errno: 150 "Foreign key constraint is incorrectly formed")
ERROR - 2021-06-20 01:36:58 --> Incorrect table definition; there can be only one auto column and it must be defined as a key
ERROR - 2021-06-20 01:36:58 --> Incorrect table definition; there can be only one auto column and it must be defined as a key
ERROR - 2021-06-20 01:36:58 --> Incorrect table definition; there can be only one auto column and it must be defined as a key
ERROR - 2021-06-20 01:36:58 --> Incorrect table definition; there can be only one auto column and it must be defined as a key
ERROR - 2021-06-20 01:36:58 --> Incorrect table definition; there can be only one auto column and it must be defined as a key
ERROR - 2021-06-20 01:36:58 --> Incorrect table definition; there can be only one auto column and it must be defined as a key
ERROR - 2021-06-20 01:39:38 --> Unknown table 'alprofit_db.transactions'
ERROR - 2021-06-20 01:39:38 --> Unknown table 'alprofit_db.order_items'
ERROR - 2021-06-20 01:39:38 --> Unknown table 'alprofit_db.orders'
ERROR - 2021-06-20 01:39:38 --> Unknown table 'alprofit_db.cart_items'
ERROR - 2021-06-20 01:39:38 --> Unknown table 'alprofit_db.carts'
ERROR - 2021-06-20 01:39:38 --> Unknown table 'alprofit_db.products'
ERROR - 2021-06-20 01:39:38 --> Unknown table 'alprofit_db.users'
ERROR - 2021-06-20 01:39:38 --> Can't create table `alprofit_db`.`users` (errno: 150 "Foreign key constraint is incorrectly formed")
ERROR - 2021-06-20 01:39:38 --> Incorrect table definition; there can be only one auto column and it must be defined as a key
ERROR - 2021-06-20 01:39:38 --> Incorrect table definition; there can be only one auto column and it must be defined as a key
ERROR - 2021-06-20 01:39:38 --> Incorrect table definition; there can be only one auto column and it must be defined as a key
ERROR - 2021-06-20 01:39:38 --> Incorrect table definition; there can be only one auto column and it must be defined as a key
ERROR - 2021-06-20 01:39:38 --> Incorrect table definition; there can be only one auto column and it must be defined as a key
ERROR - 2021-06-20 01:39:38 --> Incorrect table definition; there can be only one auto column and it must be defined as a key
ERROR - 2021-06-20 01:43:38 --> Unknown table 'alprofit_db.transactions'
ERROR - 2021-06-20 01:43:38 --> Unknown table 'alprofit_db.order_items'
ERROR - 2021-06-20 01:43:38 --> Unknown table 'alprofit_db.orders'
ERROR - 2021-06-20 01:43:38 --> Unknown table 'alprofit_db.cart_items'
ERROR - 2021-06-20 01:43:38 --> Unknown table 'alprofit_db.carts'
ERROR - 2021-06-20 01:43:38 --> Unknown table 'alprofit_db.products'
ERROR - 2021-06-20 01:43:38 --> Unknown table 'alprofit_db.users'
ERROR - 2021-06-20 01:43:38 --> Can't create table `alprofit_db`.`users` (errno: 150 "Foreign key constraint is incorrectly formed")
ERROR - 2021-06-20 01:43:39 --> Can't create table `alprofit_db`.`carts` (errno: 150 "Foreign key constraint is incorrectly formed")
ERROR - 2021-06-20 01:43:39 --> Can't create table `alprofit_db`.`cart_items` (errno: 150 "Foreign key constraint is incorrectly formed")
ERROR - 2021-06-20 01:43:39 --> Can't create table `alprofit_db`.`orders` (errno: 150 "Foreign key constraint is incorrectly formed")
ERROR - 2021-06-20 01:43:39 --> Can't create table `alprofit_db`.`order_items` (errno: 150 "Foreign key constraint is incorrectly formed")
ERROR - 2021-06-20 01:43:39 --> Can't create table `alprofit_db`.`transactions` (errno: 150 "Foreign key constraint is incorrectly formed")
ERROR - 2021-06-20 01:44:50 --> Unknown table 'alprofit_db.transactions'
ERROR - 2021-06-20 01:44:50 --> Unknown table 'alprofit_db.order_items'
ERROR - 2021-06-20 01:44:50 --> Unknown table 'alprofit_db.orders'
ERROR - 2021-06-20 01:44:50 --> Unknown table 'alprofit_db.cart_items'
ERROR - 2021-06-20 01:44:50 --> Unknown table 'alprofit_db.carts'
ERROR - 2021-06-20 01:44:50 --> Unknown table 'alprofit_db.users'
ERROR - 2021-06-20 01:44:50 --> Can't create table `alprofit_db`.`users` (errno: 150 "Foreign key constraint is incorrectly formed")
ERROR - 2021-06-20 01:44:51 --> Can't create table `alprofit_db`.`carts` (errno: 150 "Foreign key constraint is incorrectly formed")
ERROR - 2021-06-20 01:44:51 --> Can't create table `alprofit_db`.`cart_items` (errno: 150 "Foreign key constraint is incorrectly formed")
ERROR - 2021-06-20 01:44:51 --> Can't create table `alprofit_db`.`orders` (errno: 150 "Foreign key constraint is incorrectly formed")
ERROR - 2021-06-20 01:44:51 --> Can't create table `alprofit_db`.`order_items` (errno: 150 "Foreign key constraint is incorrectly formed")
ERROR - 2021-06-20 01:44:51 --> Can't create table `alprofit_db`.`transactions` (errno: 150 "Foreign key constraint is incorrectly formed")
ERROR - 2021-06-20 01:50:06 --> Unknown table 'alprofit_db.transactions'
ERROR - 2021-06-20 01:50:06 --> Unknown table 'alprofit_db.order_items'
ERROR - 2021-06-20 01:50:06 --> Unknown table 'alprofit_db.orders'
ERROR - 2021-06-20 01:50:06 --> Unknown table 'alprofit_db.cart_items'
ERROR - 2021-06-20 01:50:06 --> Unknown table 'alprofit_db.carts'
ERROR - 2021-06-20 01:50:06 --> Unknown table 'alprofit_db.users'
ERROR - 2021-06-20 01:50:06 --> Can't create table `alprofit_db`.`users` (errno: 150 "Foreign key constraint is incorrectly formed")
ERROR - 2021-06-20 01:50:06 --> Can't create table `alprofit_db`.`carts` (errno: 150 "Foreign key constraint is incorrectly formed")
ERROR - 2021-06-20 01:50:06 --> Can't create table `alprofit_db`.`cart_items` (errno: 150 "Foreign key constraint is incorrectly formed")
ERROR - 2021-06-20 01:50:06 --> Can't create table `alprofit_db`.`orders` (errno: 150 "Foreign key constraint is incorrectly formed")
ERROR - 2021-06-20 01:50:06 --> Can't create table `alprofit_db`.`order_items` (errno: 150 "Foreign key constraint is incorrectly formed")
ERROR - 2021-06-20 01:50:06 --> Can't create table `alprofit_db`.`transactions` (errno: 150 "Foreign key constraint is incorrectly formed")
ERROR - 2021-06-20 01:55:43 --> Unknown table 'alprofit_db.transactions'
ERROR - 2021-06-20 01:55:43 --> Unknown table 'alprofit_db.order_items'
ERROR - 2021-06-20 01:55:43 --> Unknown table 'alprofit_db.orders'
ERROR - 2021-06-20 01:55:43 --> Unknown table 'alprofit_db.cart_items'
ERROR - 2021-06-20 01:55:43 --> Unknown table 'alprofit_db.carts'
ERROR - 2021-06-20 01:55:43 --> Unknown table 'alprofit_db.users'
ERROR - 2021-06-20 01:55:43 --> Can't create table `alprofit_db`.`users` (errno: 150 "Foreign key constraint is incorrectly formed")
ERROR - 2021-06-20 02:10:15 --> Unknown table 'alprofit_db.users'
ERROR - 2021-06-20 02:10:15 --> Can't create table `alprofit_db`.`users` (errno: 150 "Foreign key constraint is incorrectly formed")
ERROR - 2021-06-20 02:26:28 --> Error connecting to the database: Class 'SQLite3' not found
